2026-03-20 21:54:20,554 INFO: === Ola's Nightbot startet ===
2026-03-20 21:54:20,554 INFO: Poll: 120s | Dry-run: False
2026-03-20 21:54:20,554 INFO: Tidligere løst: 0 runder
2026-03-20 21:54:20,554 INFO: Kalibrering: 27 nøkler fra 0 runder
2026-03-20 21:54:22,286 INFO: Fant 9 nye fullførte runder å kalibrere fra
2026-03-20 21:54:23,499 INFO:   Runde 9 seed 0: score=25.8026
2026-03-20 21:54:24,008 INFO:   Runde 9 seed 1: score=21.8495
2026-03-20 21:54:24,950 INFO:   Runde 9 seed 2: score=19.8227
2026-03-20 21:54:26,653 INFO:   Runde 9 seed 3: score=23.8985
2026-03-20 21:54:27,677 INFO:   Runde 9 seed 4: score=20.6463
2026-03-20 21:54:31,376 INFO:   Runde 8 seed 0: score=27.5118
2026-03-20 21:54:31,983 INFO:   Runde 8 seed 1: score=22.3219
2026-03-20 21:54:32,632 INFO:   Runde 8 seed 2: score=26.5162
2026-03-20 21:54:33,247 INFO:   Runde 8 seed 3: score=25.4905
2026-03-20 21:54:33,975 INFO:   Runde 8 seed 4: score=24.2531
2026-03-20 21:54:36,134 INFO:   Runde 7 seed 0: score=26.3414
2026-03-20 21:54:36,844 INFO:   Runde 7 seed 1: score=25.8843
2026-03-20 21:54:37,335 INFO:   Runde 7 seed 2: score=26.2502
2026-03-20 21:54:37,881 INFO:   Runde 7 seed 3: score=26.1994
2026-03-20 21:54:43,165 INFO:   Runde 7 seed 4: score=23.3656
2026-03-20 21:54:46,528 INFO:   Runde 6 seed 0: score=18.7446
2026-03-20 21:54:49,335 INFO:   Runde 6 seed 1: score=18.6003
2026-03-20 21:54:49,895 INFO:   Runde 6 seed 2: score=22.6895
2026-03-20 21:54:51,482 INFO:   Runde 6 seed 3: score=23.1174
2026-03-20 21:54:52,369 INFO:   Runde 6 seed 4: score=21.1948
2026-03-20 21:54:53,871 INFO:   Runde 5 seed 0: score=31.2399
2026-03-20 21:54:55,890 INFO:   Runde 5 seed 1: score=26.9403
2026-03-20 21:54:57,916 INFO:   Runde 5 seed 2: score=41.0015
2026-03-20 21:54:58,516 INFO:   Runde 5 seed 3: score=33.7089
2026-03-20 21:54:59,010 INFO:   Runde 5 seed 4: score=33.1793
2026-03-20 21:55:00,509 INFO:   Runde 4 seed 0: score=48.7658
2026-03-20 21:55:02,113 INFO:   Runde 4 seed 1: score=46.4996
2026-03-20 21:55:02,623 INFO:   Runde 4 seed 2: score=43.4174
2026-03-20 21:55:03,150 INFO:   Runde 4 seed 3: score=44.3312
2026-03-20 21:55:04,000 INFO:   Runde 4 seed 4: score=48.4374
2026-03-20 21:55:04,626 INFO:   Runde 3 seed 0: score=20.7499
2026-03-20 21:55:05,861 INFO:   Runde 3 seed 1: score=20.5397
2026-03-20 21:55:06,400 INFO:   Runde 3 seed 2: score=22.7365
2026-03-20 21:55:06,917 INFO:   Runde 3 seed 3: score=23.3611
2026-03-20 21:55:08,926 INFO:   Runde 3 seed 4: score=21.982
2026-03-20 21:55:12,252 INFO:   Runde 2 seed 0: score=29.1005
2026-03-20 21:55:12,895 INFO:   Runde 2 seed 1: score=35.2301
2026-03-20 21:55:14,583 INFO:   Runde 2 seed 2: score=36.0414
2026-03-20 21:55:16,540 INFO:   Runde 2 seed 3: score=35.9589
2026-03-20 21:55:19,076 INFO:   Runde 2 seed 4: score=34.6403
2026-03-20 21:55:20,599 INFO:   Runde 1 seed 0: score=43.9638
2026-03-20 21:55:21,077 INFO:   Runde 1 seed 1: score=46.7254
2026-03-20 21:55:21,639 INFO:   Runde 1 seed 2: score=46.5526
2026-03-20 21:55:22,287 INFO:   Runde 1 seed 3: score=48.884
2026-03-20 21:55:23,015 INFO:   Runde 1 seed 4: score=46.655
2026-03-20 21:55:23,871 INFO: Kalibrering oppdatert: 9 runder, 85 seeds, 27 nøkler
2026-03-20 21:55:23,875 INFO: Solver bruker nå oppdaterte priors!
2026-03-20 21:55:23,951 INFO: Budget: 0/50
2026-03-20 21:55:24,026 INFO: Ingen nye runder. Venter 120s...
2026-03-20 23:37:24,204 INFO: ============================================================
2026-03-20 23:37:24,204 INFO:   OLA'S NIGHTBOT v2 STARTET
2026-03-20 23:37:24,204 INFO: ============================================================
2026-03-20 23:37:24,204 INFO: Poll: 90s | Dry-run: False
2026-03-20 23:37:24,204 INFO: Tidligere løst: 0 runder
2026-03-20 23:37:24,204 INFO: Kalibrering: 27 nøkler
2026-03-20 23:37:25,308 INFO: 
============================================================
2026-03-20 23:37:25,308 INFO:   RUNDE 10 (vekt 1.6289)
2026-03-20 23:37:25,308 INFO:   Stenger: 2026-03-20T23:45:58.134788+00:00
2026-03-20 23:37:25,308 INFO: ============================================================
2026-03-20 23:37:25,376 WARNING: Budget 50/50 allerede brukt!
2026-03-20 23:37:25,376 ERROR: Budget oppbrukt! Skipper runden.
2026-03-20 23:38:55,941 INFO: Ingen nye runder. Venter 90s...
2026-03-20 23:40:26,130 INFO: Ingen nye runder. Venter 90s...
2026-03-20 23:41:46,153 INFO: ============================================================
2026-03-20 23:41:46,153 INFO:   OLA'S NIGHTBOT v2 STARTET
2026-03-20 23:41:46,153 INFO: ============================================================
2026-03-20 23:41:46,153 INFO: Poll: 90s | Dry-run: False
2026-03-20 23:41:46,153 INFO: Tidligere løst: 1 runder
2026-03-20 23:41:46,153 INFO: Kalibrering: 27 nøkler
2026-03-20 23:41:46,446 INFO: Ingen nye runder. Venter 90s...
2026-03-20 23:43:16,651 INFO: Ingen nye runder. Venter 90s...
2026-03-20 23:44:46,870 INFO: Ingen nye runder. Venter 90s...
2026-03-20 23:45:31,119 INFO: ============================================================
2026-03-20 23:45:31,119 INFO:   OLA'S NIGHTBOT v2 STARTET
2026-03-20 23:45:31,119 INFO: ============================================================
2026-03-20 23:45:31,119 INFO: Poll: 90s | Dry-run: False
2026-03-20 23:45:31,119 INFO: Tidligere løst: 1 runder
2026-03-20 23:45:31,119 INFO: Kalibrering: 27 nøkler
2026-03-20 23:45:31,391 INFO: Ingen nye runder. Venter 90s...
2026-03-20 23:47:01,705 INFO: Ingen nye runder. Venter 90s...
2026-03-20 23:48:31,921 INFO: Ingen nye runder. Venter 90s...
2026-03-20 23:50:02,389 INFO: Ingen nye runder. Venter 90s...
2026-03-20 23:51:32,534 INFO: Ingen nye runder. Venter 90s...
2026-03-20 23:53:02,687 INFO: Ingen nye runder. Venter 90s...
2026-03-20 23:54:33,366 INFO: Ingen nye runder. Venter 90s...
2026-03-20 23:56:03,749 INFO: Ingen nye runder. Venter 90s...
2026-03-20 23:57:34,034 INFO: Ingen nye runder. Venter 90s...
2026-03-20 23:59:04,927 INFO: Ingen nye runder. Venter 90s...
2026-03-21 00:00:35,136 INFO: Ingen nye runder. Venter 90s...
2026-03-21 00:02:05,321 INFO: Ingen nye runder. Venter 90s...
2026-03-21 00:03:35,782 INFO: Ingen nye runder. Venter 90s...
2026-03-21 00:05:06,326 INFO: Ingen nye runder. Venter 90s...
2026-03-21 00:07:06,953 WARNING: Retrying (Retry(total=2, connect=None, read=None, redirect=None, status=None)) after connection broken by 'OSError(49, "Can't assign requested address")': /astar-island/rounds
2026-03-21 00:07:08,100 INFO: Ingen nye runder. Venter 90s...
2026-03-21 00:08:38,231 INFO: Ingen nye runder. Venter 90s...
2026-03-21 00:10:08,657 INFO: Ingen nye runder. Venter 90s...
2026-03-21 00:11:40,090 INFO: Ingen nye runder. Venter 90s...
2026-03-21 00:14:20,115 INFO: ============================================================
2026-03-21 00:14:20,116 INFO:   OLA'S NIGHTBOT v2 STARTET
2026-03-21 00:14:20,116 INFO: ============================================================
2026-03-21 00:14:20,116 INFO: Poll: 90s | Dry-run: False
2026-03-21 00:14:20,116 INFO: Tidligere løst: 1 runder
2026-03-21 00:14:20,116 INFO: Kalibrering: 27 nøkler
2026-03-21 00:14:22,291 INFO: Ingen nye runder. Venter 90s...
2026-03-21 00:15:52,870 INFO: Ingen nye runder. Venter 90s...
2026-03-21 00:17:22,992 INFO: Ingen nye runder. Venter 90s...
2026-03-21 00:18:54,106 INFO: Ingen nye runder. Venter 90s...
2026-03-21 00:20:24,992 INFO: Ingen nye runder. Venter 90s...
2026-03-21 00:21:55,728 INFO: Ingen nye runder. Venter 90s...
2026-03-21 00:23:25,903 INFO: Ingen nye runder. Venter 90s...
2026-03-21 00:24:56,427 INFO: Ingen nye runder. Venter 90s...
2026-03-21 00:26:27,189 INFO: Ingen nye runder. Venter 90s...
2026-03-21 00:27:57,312 INFO: Ingen nye runder. Venter 90s...
2026-03-21 00:29:27,610 INFO: Ingen nye runder. Venter 90s...
2026-03-21 00:30:59,408 INFO: Ingen nye runder. Venter 90s...
2026-03-21 00:32:29,759 INFO: Ingen nye runder. Venter 90s...
2026-03-21 00:34:01,055 INFO: Ingen nye runder. Venter 90s...
2026-03-21 00:35:32,024 INFO: Ingen nye runder. Venter 90s...
2026-03-21 00:37:02,550 INFO: Ingen nye runder. Venter 90s...
2026-03-21 00:38:34,128 INFO: Ingen nye runder. Venter 90s...
2026-03-21 00:40:04,539 INFO: Ingen nye runder. Venter 90s...
2026-03-21 00:41:36,573 INFO: Ingen nye runder. Venter 90s...
2026-03-21 00:43:06,922 INFO: Ingen nye runder. Venter 90s...
2026-03-21 00:44:37,044 INFO: Ingen nye runder. Venter 90s...
2026-03-21 00:46:07,242 INFO: Ingen nye runder. Venter 90s...
2026-03-21 00:47:37,381 INFO: Ingen nye runder. Venter 90s...
2026-03-21 00:49:07,542 INFO: Ingen nye runder. Venter 90s...
2026-03-21 00:50:39,351 INFO: Ingen nye runder. Venter 90s...
2026-03-21 00:52:11,447 INFO: Rekalibrerer fra 1 nye runder...
2026-03-21 00:52:15,488 INFO: Kalibrering oppdatert: 10 runder, 27 nøkler
2026-03-21 00:52:15,489 INFO: Solver bruker oppdaterte priors!
2026-03-21 00:52:15,587 INFO: Ingen nye runder. Venter 90s...
2026-03-21 00:53:45,763 INFO: Ingen nye runder. Venter 90s...
2026-03-21 00:55:15,982 INFO: Ingen nye runder. Venter 90s...
2026-03-21 00:56:46,208 INFO: Ingen nye runder. Venter 90s...
2026-03-21 00:58:16,387 INFO: Ingen nye runder. Venter 90s...
2026-03-21 00:59:46,580 INFO: Ingen nye runder. Venter 90s...
2026-03-21 01:01:16,750 INFO: Ingen nye runder. Venter 90s...
2026-03-21 01:02:46,931 INFO: Ingen nye runder. Venter 90s...
2026-03-21 01:04:18,444 INFO: Ingen nye runder. Venter 90s...
2026-03-21 01:05:48,570 INFO: Ingen nye runder. Venter 90s...
2026-03-21 01:07:18,974 INFO: Ingen nye runder. Venter 90s...
2026-03-21 01:08:49,172 INFO: Ingen nye runder. Venter 90s...
2026-03-21 01:10:19,407 INFO: Ingen nye runder. Venter 90s...
2026-03-21 01:11:49,686 INFO: Ingen nye runder. Venter 90s...
2026-03-21 01:13:19,845 INFO: Ingen nye runder. Venter 90s...
2026-03-21 01:14:50,336 INFO: Ingen nye runder. Venter 90s...
2026-03-21 01:16:20,799 INFO: Ingen nye runder. Venter 90s...
2026-03-21 01:17:51,158 INFO: Ingen nye runder. Venter 90s...
2026-03-21 01:19:21,275 INFO: Ingen nye runder. Venter 90s...
2026-03-21 01:20:51,583 INFO: Ingen nye runder. Venter 90s...
2026-03-21 01:22:22,079 INFO: Ingen nye runder. Venter 90s...
2026-03-21 01:23:52,237 INFO: Ingen nye runder. Venter 90s...
2026-03-21 01:25:22,502 INFO: Ingen nye runder. Venter 90s...
2026-03-21 01:26:53,145 INFO: 
============================================================
2026-03-21 01:26:53,148 INFO:   RUNDE 11 (vekt 1.7103)
2026-03-21 01:26:53,148 INFO:   Stenger: 2026-03-21T03:11:30.495136+00:00
2026-03-21 01:26:53,148 INFO: ============================================================
2026-03-21 01:26:53,488 INFO: 5 seeds (alpha=8)
2026-03-21 01:26:53,488 INFO: PASS 1: Submitter prior-only (sikkerhetsnett)...
2026-03-21 01:26:54,183 INFO:   Seed 0 prior-only → ?
2026-03-21 01:26:55,231 INFO:   Seed 1 prior-only → ?
2026-03-21 01:26:57,991 INFO:   Seed 2 prior-only → ?
2026-03-21 01:27:01,699 INFO:   Seed 3 prior-only → ?
2026-03-21 01:27:02,755 INFO:   Seed 4 prior-only → ?
2026-03-21 01:27:03,294 INFO: Budget: 0/50
2026-03-21 01:27:03,294 INFO: 
PASS 2: Observer (50 queries tilgjengelig)...
2026-03-21 01:27:04,261 INFO:   Seed 0 Q1: (16,8) → 1/50
2026-03-21 01:27:06,032 INFO:   Seed 0 Q2: (10,6) → 2/50
2026-03-21 01:27:06,642 INFO:   Seed 0 Q3: (22,12) → 3/50
2026-03-21 01:27:07,493 INFO:   Seed 0 Q4: (20,22) → 4/50
2026-03-21 01:27:08,359 INFO:   Seed 0 Q5: (8,4) → 5/50
2026-03-21 01:27:09,601 INFO:   Seed 0 Q6: (22,8) → 6/50
2026-03-21 01:27:10,406 INFO:   Seed 0 Q7: (12,10) → 7/50
2026-03-21 01:27:11,021 INFO:   Seed 0 Q8: (2,24) → 8/50
2026-03-21 01:27:12,144 INFO:   Seed 0 Q9: (24,14) → 9/50
2026-03-21 01:27:13,068 INFO:   Seed 0 Q10: (6,6) → 10/50
2026-03-21 01:27:13,858 INFO:   Seed 1 Q1: (10,18) → 11/50
2026-03-21 01:27:14,363 INFO:   Seed 1 Q2: (14,6) → 12/50
2026-03-21 01:27:15,833 INFO:   Seed 1 Q3: (14,22) → 13/50
2026-03-21 01:27:16,532 INFO:   Seed 1 Q4: (6,10) → 14/50
2026-03-21 01:27:17,586 INFO:   Seed 1 Q5: (22,14) → 15/50
2026-03-21 01:27:18,583 INFO:   Seed 1 Q6: (6,24) → 16/50
2026-03-21 01:27:19,240 INFO:   Seed 1 Q7: (8,4) → 17/50
2026-03-21 01:27:19,889 INFO:   Seed 1 Q8: (20,20) → 18/50
2026-03-21 01:27:20,619 INFO:   Seed 1 Q9: (18,4) → 19/50
2026-03-21 01:27:21,098 INFO:   Seed 1 Q10: (4,22) → 20/50
2026-03-21 01:27:21,365 INFO:   Rundetype: sett=2.00× forest=1.37× ruin=2.00× port=0.67×
2026-03-21 01:27:22,700 INFO:   Seed 2 Q1: (16,20) → 21/50
2026-03-21 01:27:23,885 INFO:   Seed 2 Q2: (8,14) → 22/50
2026-03-21 01:27:24,819 INFO:   Seed 2 Q3: (24,10) → 23/50
2026-03-21 01:27:26,748 INFO:   Seed 2 Q4: (18,22) → 24/50
2026-03-21 01:27:27,854 INFO:   Seed 2 Q5: (6,12) → 25/50
2026-03-21 01:27:30,004 INFO:   Seed 2 Q6: (18,4) → 26/50
2026-03-21 01:27:31,397 INFO:   Seed 2 Q7: (24,18) → 27/50
2026-03-21 01:27:32,395 INFO:   Seed 2 Q8: (12,22) → 28/50
2026-03-21 01:27:33,564 INFO:   Seed 2 Q9: (4,8) → 29/50
2026-03-21 01:27:34,699 INFO:   Seed 2 Q10: (22,6) → 30/50
2026-03-21 01:27:35,612 INFO:   Seed 3 Q1: (8,10) → 31/50
2026-03-21 01:27:37,771 INFO:   Seed 3 Q2: (14,2) → 32/50
2026-03-21 01:27:38,627 INFO:   Seed 3 Q3: (4,16) → 33/50
2026-03-21 01:27:39,933 INFO:   Seed 3 Q4: (16,4) → 34/50
2026-03-21 01:27:40,623 INFO:   Seed 3 Q5: (6,12) → 35/50
2026-03-21 01:27:41,183 INFO:   Seed 3 Q6: (12,18) → 36/50
2026-03-21 01:27:41,927 INFO:   Seed 3 Q7: (8,2) → 37/50
2026-03-21 01:27:42,654 INFO:   Seed 3 Q8: (2,20) → 38/50
2026-03-21 01:27:43,244 INFO:   Seed 3 Q9: (20,6) → 39/50
2026-03-21 01:27:43,992 INFO:   Seed 3 Q10: (4,6) → 40/50
2026-03-21 01:27:44,840 INFO:   Seed 4 Q1: (14,8) → 41/50
2026-03-21 01:27:45,698 INFO:   Seed 4 Q2: (20,14) → 42/50
2026-03-21 01:27:47,155 INFO:   Seed 4 Q3: (8,12) → 43/50
2026-03-21 01:27:48,176 INFO:   Seed 4 Q4: (12,6) → 44/50
2026-03-21 01:27:49,166 INFO:   Seed 4 Q5: (24,12) → 45/50
2026-03-21 01:27:49,699 INFO:   Seed 4 Q6: (18,20) → 46/50
2026-03-21 01:27:50,494 INFO:   Seed 4 Q7: (2,14) → 47/50
2026-03-21 01:27:51,313 INFO:   Seed 4 Q8: (10,4) → 48/50
2026-03-21 01:27:53,437 INFO:   Seed 4 Q9: (24,10) → 49/50
2026-03-21 01:27:53,976 INFO:   Seed 4 Q10: (12,20) → 50/50
2026-03-21 01:27:54,290 INFO:   Cross-seed: 20 kategorier
2026-03-21 01:27:54,356 INFO: 
Resubmit med observasjoner + smoothing...
2026-03-21 01:27:55,015 INFO:   Seed 0 → ?
2026-03-21 01:27:56,373 INFO:   Seed 1 → ?
2026-03-21 01:27:57,423 INFO:   Seed 2 → ?
2026-03-21 01:27:59,140 INFO:   Seed 3 → ?
2026-03-21 01:27:59,847 INFO:   Seed 4 → ?
2026-03-21 01:28:00,332 INFO:   Data lagret i round_history/runde_11/
2026-03-21 01:29:30,542 INFO: Ingen nye runder. Venter 90s...
2026-03-21 01:31:01,465 INFO: Ingen nye runder. Venter 90s...
2026-03-21 01:32:31,697 INFO: Ingen nye runder. Venter 90s...
2026-03-21 01:34:01,820 INFO: Ingen nye runder. Venter 90s...
2026-03-21 01:35:32,347 INFO: Ingen nye runder. Venter 90s...
2026-03-21 01:37:02,705 INFO: Ingen nye runder. Venter 90s...
2026-03-21 01:38:32,946 INFO: Ingen nye runder. Venter 90s...
2026-03-21 01:40:03,096 INFO: Ingen nye runder. Venter 90s...
2026-03-21 01:41:33,305 INFO: Ingen nye runder. Venter 90s...
2026-03-21 01:43:03,553 INFO: Ingen nye runder. Venter 90s...
2026-03-21 01:44:33,713 INFO: Ingen nye runder. Venter 90s...
2026-03-21 01:46:04,623 INFO: Ingen nye runder. Venter 90s...
2026-03-21 01:47:35,005 INFO: Ingen nye runder. Venter 90s...
2026-03-21 01:49:05,181 INFO: Ingen nye runder. Venter 90s...
2026-03-21 01:50:35,297 INFO: Ingen nye runder. Venter 90s...
2026-03-21 01:52:05,783 INFO: Ingen nye runder. Venter 90s...
2026-03-21 01:53:36,756 INFO: Ingen nye runder. Venter 90s...
2026-03-21 01:55:08,323 INFO: Ingen nye runder. Venter 90s...
2026-03-21 01:56:39,117 INFO: Ingen nye runder. Venter 90s...
2026-03-21 01:58:09,752 INFO: Ingen nye runder. Venter 90s...
2026-03-21 01:59:40,385 INFO: Ingen nye runder. Venter 90s...
2026-03-21 02:01:11,632 INFO: Ingen nye runder. Venter 90s...
2026-03-21 02:02:41,817 INFO: Ingen nye runder. Venter 90s...
2026-03-21 02:04:11,965 INFO: Ingen nye runder. Venter 90s...
2026-03-21 02:05:42,160 INFO: Ingen nye runder. Venter 90s...
2026-03-21 02:07:12,358 INFO: Ingen nye runder. Venter 90s...
2026-03-21 02:08:44,576 INFO: Ingen nye runder. Venter 90s...
2026-03-21 02:10:15,552 INFO: Ingen nye runder. Venter 90s...
2026-03-21 02:11:48,056 INFO: Ingen nye runder. Venter 90s...
2026-03-21 02:13:18,183 INFO: Ingen nye runder. Venter 90s...
2026-03-21 02:14:48,601 INFO: Ingen nye runder. Venter 90s...
2026-03-21 02:16:18,890 INFO: Ingen nye runder. Venter 90s...
2026-03-21 02:17:51,025 INFO: Ingen nye runder. Venter 90s...
2026-03-21 02:19:21,185 INFO: Ingen nye runder. Venter 90s...
2026-03-21 02:20:51,784 INFO: Ingen nye runder. Venter 90s...
2026-03-21 02:22:24,428 INFO: Ingen nye runder. Venter 90s...
2026-03-21 02:23:54,558 INFO: Ingen nye runder. Venter 90s...
2026-03-21 02:25:25,181 INFO: Ingen nye runder. Venter 90s...
2026-03-21 02:26:55,339 INFO: Ingen nye runder. Venter 90s...
2026-03-21 02:28:27,498 INFO: Ingen nye runder. Venter 90s...
2026-03-21 02:29:57,635 INFO: Ingen nye runder. Venter 90s...
2026-03-21 02:31:27,818 INFO: Ingen nye runder. Venter 90s...
2026-03-21 02:32:58,514 INFO: Ingen nye runder. Venter 90s...
2026-03-21 02:34:28,684 INFO: Ingen nye runder. Venter 90s...
2026-03-21 02:35:59,282 INFO: Ingen nye runder. Venter 90s...
2026-03-21 02:37:29,497 INFO: Ingen nye runder. Venter 90s...
2026-03-21 02:38:59,809 INFO: Ingen nye runder. Venter 90s...
2026-03-21 02:40:31,219 INFO: Ingen nye runder. Venter 90s...
2026-03-21 02:42:01,341 INFO: Ingen nye runder. Venter 90s...
2026-03-21 02:43:31,484 INFO: Ingen nye runder. Venter 90s...
2026-03-21 02:45:01,615 INFO: Ingen nye runder. Venter 90s...
2026-03-21 02:46:31,785 INFO: Ingen nye runder. Venter 90s...
2026-03-21 02:48:06,274 INFO: Ingen nye runder. Venter 90s...
2026-03-21 02:49:36,829 INFO: Ingen nye runder. Venter 90s...
2026-03-21 02:51:07,490 INFO: Ingen nye runder. Venter 90s...
2026-03-21 02:52:37,834 INFO: Ingen nye runder. Venter 90s...
2026-03-21 02:54:08,954 INFO: Ingen nye runder. Venter 90s...
2026-03-21 02:55:39,091 INFO: Ingen nye runder. Venter 90s...
2026-03-21 02:57:09,413 INFO: Ingen nye runder. Venter 90s...
2026-03-21 02:58:39,534 INFO: Ingen nye runder. Venter 90s...
2026-03-21 03:00:09,656 INFO: Ingen nye runder. Venter 90s...
2026-03-21 03:01:42,746 INFO: Ingen nye runder. Venter 90s...
2026-03-21 03:03:13,309 INFO: Ingen nye runder. Venter 90s...
2026-03-21 03:04:43,445 INFO: Ingen nye runder. Venter 90s...
2026-03-21 03:06:13,577 INFO: Ingen nye runder. Venter 90s...
2026-03-21 03:07:44,672 INFO: Ingen nye runder. Venter 90s...
2026-03-21 03:09:14,993 INFO: Ingen nye runder. Venter 90s...
2026-03-21 03:10:45,523 INFO: Ingen nye runder. Venter 90s...
2026-03-21 03:12:17,209 INFO: Ingen nye runder. Venter 90s...
2026-03-21 03:13:48,524 INFO: Ingen nye runder. Venter 90s...
2026-03-21 03:15:18,894 INFO: Ingen nye runder. Venter 90s...
2026-03-21 03:16:52,587 INFO: Ingen nye runder. Venter 90s...
2026-03-21 03:18:24,290 INFO: Ingen nye runder. Venter 90s...
2026-03-21 03:19:54,472 INFO: Ingen nye runder. Venter 90s...
2026-03-21 03:21:24,812 INFO: Ingen nye runder. Venter 90s...
2026-03-21 03:22:55,081 INFO: Ingen nye runder. Venter 90s...
2026-03-21 03:24:25,486 INFO: Ingen nye runder. Venter 90s...
2026-03-21 03:25:55,700 INFO: Ingen nye runder. Venter 90s...
2026-03-21 03:27:29,142 INFO: Ingen nye runder. Venter 90s...
2026-03-21 03:28:59,974 INFO: Ingen nye runder. Venter 90s...
2026-03-21 03:30:30,314 INFO: Ingen nye runder. Venter 90s...
2026-03-21 03:32:00,582 INFO: Ingen nye runder. Venter 90s...
2026-03-21 03:33:30,758 INFO: Ingen nye runder. Venter 90s...
2026-03-21 03:35:01,992 INFO: Ingen nye runder. Venter 90s...
2026-03-21 03:36:32,456 INFO: Ingen nye runder. Venter 90s...
2026-03-21 03:38:02,659 INFO: Ingen nye runder. Venter 90s...
2026-03-21 03:39:32,774 INFO: Ingen nye runder. Venter 90s...
2026-03-21 03:41:03,400 INFO: Ingen nye runder. Venter 90s...
2026-03-21 03:42:33,796 INFO: Ingen nye runder. Venter 90s...
2026-03-21 03:44:03,950 INFO: Ingen nye runder. Venter 90s...
2026-03-21 03:45:34,800 INFO: Ingen nye runder. Venter 90s...
2026-03-21 03:47:05,785 INFO: Ingen nye runder. Venter 90s...
2026-03-21 03:48:37,384 INFO: Ingen nye runder. Venter 90s...
2026-03-21 03:50:07,759 INFO: Ingen nye runder. Venter 90s...
2026-03-21 03:51:37,962 INFO: Ingen nye runder. Venter 90s...
2026-03-21 03:53:08,236 INFO: Ingen nye runder. Venter 90s...
2026-03-21 03:54:39,027 INFO: Ingen nye runder. Venter 90s...
2026-03-21 03:56:09,148 INFO: Ingen nye runder. Venter 90s...
2026-03-21 03:57:40,147 INFO: Ingen nye runder. Venter 90s...
2026-03-21 03:59:10,269 INFO: Ingen nye runder. Venter 90s...
2026-03-21 04:00:40,605 INFO: Ingen nye runder. Venter 90s...
2026-03-21 04:02:10,929 INFO: Ingen nye runder. Venter 90s...
2026-03-21 04:03:41,055 INFO: Ingen nye runder. Venter 90s...
2026-03-21 04:05:11,223 INFO: Ingen nye runder. Venter 90s...
2026-03-21 04:06:41,382 INFO: Ingen nye runder. Venter 90s...
2026-03-21 04:08:11,555 INFO: Ingen nye runder. Venter 90s...
2026-03-21 04:09:41,738 INFO: Ingen nye runder. Venter 90s...
2026-03-21 04:11:12,382 INFO: Ingen nye runder. Venter 90s...
2026-03-21 04:12:42,561 INFO: Ingen nye runder. Venter 90s...
2026-03-21 04:14:13,859 INFO: Ingen nye runder. Venter 90s...
2026-03-21 04:15:44,086 INFO: Ingen nye runder. Venter 90s...
2026-03-21 04:17:14,958 INFO: Rekalibrerer fra 1 nye runder...
2026-03-21 04:17:21,383 INFO: Kalibrering oppdatert: 11 runder, 27 nøkler
2026-03-21 04:17:21,384 INFO: Solver bruker oppdaterte priors!
2026-03-21 04:17:21,384 INFO:   Selvforbedring: analyserer runde_11...
2026-03-21 04:17:21,413 INFO:     Bias per klasse: 1.00, 1.03, 1.15, 0.90, 1.00, 0.85
2026-03-21 04:17:21,413 INFO:     (empty=1.00 sett=1.03 port=1.15 ruin=0.90 forest=1.00 mount=0.85)
2026-03-21 04:17:21,413 INFO:   Selvforbedring: 1 nye runder analysert
2026-03-21 04:17:21,414 WARNING:   Bias-korreksjon feilet: name 'NEAR_ZERO' is not defined
2026-03-21 04:17:21,414 INFO: Priors justert med bias-korreksjon!
2026-03-21 04:17:21,610 INFO: Ingen nye runder. Venter 90s...
2026-03-21 04:18:52,216 INFO: Ingen nye runder. Venter 90s...
2026-03-21 04:20:22,391 INFO: Ingen nye runder. Venter 90s...
2026-03-21 04:21:54,558 INFO: 
============================================================
2026-03-21 04:21:54,559 INFO:   RUNDE 12 (vekt 1.7959)
2026-03-21 04:21:54,560 INFO:   Stenger: 2026-03-21T06:06:46.272337+00:00
2026-03-21 04:21:54,560 INFO: ============================================================
2026-03-21 04:21:54,623 INFO: 5 seeds (alpha=8)
2026-03-21 04:21:54,623 INFO: PASS 1: Submitter prior-only (sikkerhetsnett)...
2026-03-21 04:21:54,864 INFO:   Seed 0 prior-only → ?
2026-03-21 04:21:55,471 INFO:   Seed 1 prior-only → ?
2026-03-21 04:21:56,940 INFO:   Seed 2 prior-only → ?
2026-03-21 04:21:58,105 INFO:   Seed 3 prior-only → ?
2026-03-21 04:21:58,749 INFO:   Seed 4 prior-only → ?
2026-03-21 04:22:00,960 INFO: Budget: 0/50
2026-03-21 04:22:00,961 INFO: 
PASS 2: Observer (50 queries tilgjengelig)...
2026-03-21 04:22:01,898 INFO:   Seed 0 Q1: (8,20) → 1/50
2026-03-21 04:22:02,431 INFO:   Seed 0 Q2: (6,8) → 2/50
2026-03-21 04:22:02,838 INFO:   Seed 0 Q3: (16,18) → 3/50
2026-03-21 04:22:03,244 INFO:   Seed 0 Q4: (4,22) → 4/50
2026-03-21 04:22:04,698 INFO:   Seed 0 Q5: (22,6) → 5/50
2026-03-21 04:22:05,568 INFO:   Seed 0 Q6: (2,4) → 6/50
2026-03-21 04:22:06,091 INFO:   Seed 0 Q7: (12,24) → 7/50
2026-03-21 04:22:10,920 INFO:   Seed 0 Q8: (2,20) → 8/50
2026-03-21 04:22:12,149 INFO:   Seed 0 Q9: (14,2) → 9/50
2026-03-21 04:22:12,585 INFO:   Seed 0 Q10: (16,20) → 10/50
2026-03-21 04:22:13,063 INFO:   Seed 1 Q1: (20,20) → 11/50
2026-03-21 04:22:13,446 INFO:   Seed 1 Q2: (18,22) → 12/50
2026-03-21 04:22:16,054 INFO:   Seed 1 Q3: (10,12) → 13/50
2026-03-21 04:22:16,582 INFO:   Seed 1 Q4: (22,18) → 14/50
2026-03-21 04:22:18,970 INFO:   Seed 1 Q5: (4,18) → 15/50
2026-03-21 04:22:19,625 INFO:   Seed 1 Q6: (14,6) → 16/50
2026-03-21 04:22:20,547 INFO:   Seed 1 Q7: (16,24) → 17/50
2026-03-21 04:22:22,366 INFO:   Seed 1 Q8: (24,14) → 18/50
2026-03-21 04:22:22,941 INFO:   Seed 1 Q9: (8,8) → 19/50
2026-03-21 04:22:23,917 INFO:   Seed 1 Q10: (2,22) → 20/50
2026-03-21 04:22:24,180 INFO:   Rundetype: sett=1.58× forest=1.47× ruin=0.50× port=0.50×
2026-03-21 04:22:28,111 INFO:   Seed 2 Q1: (18,12) → 21/50
2026-03-21 04:22:30,273 INFO:   Seed 2 Q2: (4,8) → 22/50
2026-03-21 04:22:30,764 INFO:   Seed 2 Q3: (24,6) → 23/50
2026-03-21 04:22:32,833 INFO:   Seed 2 Q4: (20,20) → 24/50
2026-03-21 04:22:33,351 INFO:   Seed 2 Q5: (2,22) → 25/50
2026-03-21 04:22:35,701 INFO:   Seed 2 Q6: (6,4) → 26/50
2026-03-21 04:22:38,607 INFO:   Seed 2 Q7: (22,14) → 27/50
2026-03-21 04:22:39,026 INFO:   Seed 2 Q8: (10,18) → 28/50
2026-03-21 04:22:39,548 INFO:   Seed 2 Q9: (24,2) → 29/50
2026-03-21 04:22:40,169 INFO:   Seed 2 Q10: (2,24) → 30/50
2026-03-21 04:22:41,449 INFO:   Seed 3 Q1: (16,6) → 31/50
2026-03-21 04:22:42,623 INFO:   Seed 3 Q2: (14,20) → 32/50
2026-03-21 04:22:44,405 INFO:   Seed 3 Q3: (4,4) → 33/50
2026-03-21 04:22:44,887 INFO:   Seed 3 Q4: (20,8) → 34/50
2026-03-21 04:22:45,423 INFO:   Seed 3 Q5: (16,22) → 35/50
2026-03-21 04:22:48,460 INFO:   Seed 3 Q6: (6,20) → 36/50
2026-03-21 04:22:50,858 INFO:   Seed 3 Q7: (10,6) → 37/50
2026-03-21 04:22:51,381 INFO:   Seed 3 Q8: (24,18) → 38/50
2026-03-21 04:22:51,856 INFO:   Seed 3 Q9: (22,4) → 39/50
2026-03-21 04:22:52,765 INFO:   Seed 3 Q10: (2,2) → 40/50
2026-03-21 04:22:55,045 INFO:   Seed 4 Q1: (22,12) → 41/50
2026-03-21 04:22:56,697 INFO:   Seed 4 Q2: (18,10) → 42/50
2026-03-21 04:23:00,334 INFO:   Seed 4 Q3: (6,14) → 43/50
2026-03-21 04:23:04,137 INFO:   Seed 4 Q4: (22,16) → 44/50
2026-03-21 04:23:06,421 INFO:   Seed 4 Q5: (20,6) → 45/50
2026-03-21 04:23:07,691 INFO:   Seed 4 Q6: (4,2) → 46/50
2026-03-21 04:23:08,882 INFO:   Seed 4 Q7: (8,18) → 47/50
2026-03-21 04:23:10,598 INFO:   Seed 4 Q8: (24,18) → 48/50
2026-03-21 04:23:11,116 INFO:   Seed 4 Q9: (24,8) → 49/50
2026-03-21 04:23:11,626 INFO:   Seed 4 Q10: (6,6) → 50/50
2026-03-21 04:23:11,949 INFO:   Cross-seed: 19 kategorier
2026-03-21 04:23:12,019 INFO: 
Resubmit med observasjoner + smoothing...
2026-03-21 04:23:12,224 INFO:   Seed 0 → ?
2026-03-21 04:23:12,844 INFO:   Seed 1 → ?
2026-03-21 04:23:20,067 INFO:   Seed 2 → ?
2026-03-21 04:23:23,009 INFO:   Seed 3 → ?
2026-03-21 04:23:26,183 INFO:   Seed 4 → ?
2026-03-21 04:23:26,694 INFO:   Data lagret i round_history/runde_12/
2026-03-21 04:24:56,829 INFO: Ingen nye runder. Venter 90s...
2026-03-21 04:26:29,271 INFO: Ingen nye runder. Venter 90s...
2026-03-21 04:28:00,023 INFO: Ingen nye runder. Venter 90s...
2026-03-21 04:29:30,197 INFO: Ingen nye runder. Venter 90s...
2026-03-21 04:31:01,458 INFO: Ingen nye runder. Venter 90s...
2026-03-21 04:32:32,685 INFO: Ingen nye runder. Venter 90s...
2026-03-21 04:34:03,410 INFO: Ingen nye runder. Venter 90s...
2026-03-21 04:35:33,584 INFO: Ingen nye runder. Venter 90s...
2026-03-21 04:37:03,728 INFO: Ingen nye runder. Venter 90s...
2026-03-21 04:38:33,905 INFO: Ingen nye runder. Venter 90s...
2026-03-21 04:40:04,082 INFO: Ingen nye runder. Venter 90s...
2026-03-21 04:41:34,676 INFO: Ingen nye runder. Venter 90s...
2026-03-21 04:43:05,867 INFO: Ingen nye runder. Venter 90s...
2026-03-21 04:44:38,092 INFO: Ingen nye runder. Venter 90s...
2026-03-21 04:46:08,994 INFO: Ingen nye runder. Venter 90s...
2026-03-21 04:47:41,811 INFO: Ingen nye runder. Venter 90s...
2026-03-21 04:49:12,108 INFO: Ingen nye runder. Venter 90s...
2026-03-21 04:50:42,227 INFO: Ingen nye runder. Venter 90s...
2026-03-21 04:52:14,083 INFO: Ingen nye runder. Venter 90s...
2026-03-21 04:53:47,623 INFO: Ingen nye runder. Venter 90s...
2026-03-21 04:55:17,822 INFO: Ingen nye runder. Venter 90s...
2026-03-21 04:56:50,575 INFO: Ingen nye runder. Venter 90s...
2026-03-21 04:58:22,224 INFO: Ingen nye runder. Venter 90s...
2026-03-21 04:59:52,691 INFO: Ingen nye runder. Venter 90s...
2026-03-21 05:01:22,821 INFO: Ingen nye runder. Venter 90s...
2026-03-21 05:02:53,929 INFO: Ingen nye runder. Venter 90s...
2026-03-21 05:04:24,586 INFO: Ingen nye runder. Venter 90s...
2026-03-21 05:05:54,813 INFO: Ingen nye runder. Venter 90s...
2026-03-21 05:07:24,979 INFO: Ingen nye runder. Venter 90s...
2026-03-21 05:08:56,157 INFO: Ingen nye runder. Venter 90s...
2026-03-21 05:10:27,492 INFO: Ingen nye runder. Venter 90s...
2026-03-21 05:11:57,657 INFO: Ingen nye runder. Venter 90s...
2026-03-21 05:13:27,824 INFO: Ingen nye runder. Venter 90s...
2026-03-21 05:14:59,711 INFO: Ingen nye runder. Venter 90s...
2026-03-21 05:16:31,741 INFO: Ingen nye runder. Venter 90s...
2026-03-21 05:18:02,121 INFO: Ingen nye runder. Venter 90s...
2026-03-21 05:19:32,368 INFO: Ingen nye runder. Venter 90s...
2026-03-21 05:21:02,498 INFO: Ingen nye runder. Venter 90s...
2026-03-21 05:22:34,739 INFO: Ingen nye runder. Venter 90s...
2026-03-21 05:24:04,867 INFO: Ingen nye runder. Venter 90s...
2026-03-21 05:25:34,994 INFO: Ingen nye runder. Venter 90s...
2026-03-21 05:27:05,159 INFO: Ingen nye runder. Venter 90s...
2026-03-21 05:28:36,869 INFO: Ingen nye runder. Venter 90s...
2026-03-21 05:30:07,077 INFO: Ingen nye runder. Venter 90s...
2026-03-21 05:31:37,822 INFO: Ingen nye runder. Venter 90s...
2026-03-21 05:33:09,538 INFO: Ingen nye runder. Venter 90s...
2026-03-21 05:34:40,004 INFO: Ingen nye runder. Venter 90s...
2026-03-21 05:36:12,458 INFO: Ingen nye runder. Venter 90s...
2026-03-21 05:37:42,659 INFO: Ingen nye runder. Venter 90s...
2026-03-21 05:39:12,834 INFO: Ingen nye runder. Venter 90s...
2026-03-21 05:40:45,030 INFO: Ingen nye runder. Venter 90s...
2026-03-21 05:42:15,698 INFO: Ingen nye runder. Venter 90s...
2026-03-21 05:43:45,931 INFO: Ingen nye runder. Venter 90s...
2026-03-21 05:45:16,387 INFO: Ingen nye runder. Venter 90s...
2026-03-21 05:46:46,508 INFO: Ingen nye runder. Venter 90s...
2026-03-21 05:48:17,792 INFO: Ingen nye runder. Venter 90s...
2026-03-21 05:49:47,976 INFO: Ingen nye runder. Venter 90s...
2026-03-21 05:51:18,444 INFO: Ingen nye runder. Venter 90s...
2026-03-21 05:52:51,777 INFO: Ingen nye runder. Venter 90s...
2026-03-21 05:54:22,080 INFO: Ingen nye runder. Venter 90s...
2026-03-21 05:55:52,202 INFO: Ingen nye runder. Venter 90s...
2026-03-21 05:57:23,454 INFO: Ingen nye runder. Venter 90s...
2026-03-21 05:58:55,602 INFO: Ingen nye runder. Venter 90s...
2026-03-21 06:00:25,812 INFO: Ingen nye runder. Venter 90s...
2026-03-21 06:01:56,668 INFO: Ingen nye runder. Venter 90s...
2026-03-21 06:03:29,991 INFO: Ingen nye runder. Venter 90s...
2026-03-21 06:05:00,216 INFO: Ingen nye runder. Venter 90s...
2026-03-21 06:06:31,687 INFO: Ingen nye runder. Venter 90s...
2026-03-21 06:08:01,911 INFO: Ingen nye runder. Venter 90s...
2026-03-21 06:09:32,068 INFO: Ingen nye runder. Venter 90s...
2026-03-21 06:11:03,606 INFO: Ingen nye runder. Venter 90s...
2026-03-21 06:12:33,825 INFO: Ingen nye runder. Venter 90s...
2026-03-21 06:14:04,047 INFO: Ingen nye runder. Venter 90s...
2026-03-21 06:15:34,877 INFO: Ingen nye runder. Venter 90s...
2026-03-21 06:17:06,533 INFO: Ingen nye runder. Venter 90s...
2026-03-21 06:18:36,865 INFO: Ingen nye runder. Venter 90s...
2026-03-21 06:20:06,992 INFO: Ingen nye runder. Venter 90s...
2026-03-21 06:21:37,591 INFO: Ingen nye runder. Venter 90s...
2026-03-21 06:23:07,723 INFO: Ingen nye runder. Venter 90s...
2026-03-21 06:24:37,902 INFO: Ingen nye runder. Venter 90s...
2026-03-21 06:26:08,054 INFO: Ingen nye runder. Venter 90s...
2026-03-21 06:27:38,246 INFO: Ingen nye runder. Venter 90s...
2026-03-21 06:29:08,410 INFO: Ingen nye runder. Venter 90s...
2026-03-21 06:30:38,616 INFO: Ingen nye runder. Venter 90s...
2026-03-21 06:32:08,752 INFO: Ingen nye runder. Venter 90s...
2026-03-21 06:33:38,961 INFO: Ingen nye runder. Venter 90s...
2026-03-21 06:35:09,129 INFO: Ingen nye runder. Venter 90s...
2026-03-21 06:36:41,383 INFO: Ingen nye runder. Venter 90s...
2026-03-21 06:38:11,542 INFO: Ingen nye runder. Venter 90s...
2026-03-21 06:39:43,188 INFO: Ingen nye runder. Venter 90s...
2026-03-21 06:41:15,131 INFO: Ingen nye runder. Venter 90s...
2026-03-21 06:42:45,246 INFO: Ingen nye runder. Venter 90s...
2026-03-21 06:44:20,915 INFO: Ingen nye runder. Venter 90s...
2026-03-21 06:45:51,037 INFO: Ingen nye runder. Venter 90s...
2026-03-21 06:47:22,555 INFO: Ingen nye runder. Venter 90s...
2026-03-21 06:48:53,142 INFO: Ingen nye runder. Venter 90s...
2026-03-21 06:50:23,324 INFO: Ingen nye runder. Venter 90s...
2026-03-21 06:51:54,122 INFO: Ingen nye runder. Venter 90s...
2026-03-21 06:53:24,304 INFO: Ingen nye runder. Venter 90s...
2026-03-21 06:54:54,704 INFO: Ingen nye runder. Venter 90s...
2026-03-21 06:56:25,280 INFO: Ingen nye runder. Venter 90s...
2026-03-21 06:57:55,431 INFO: Ingen nye runder. Venter 90s...
2026-03-21 06:59:25,556 INFO: Ingen nye runder. Venter 90s...
2026-03-21 07:00:55,705 INFO: Ingen nye runder. Venter 90s...
2026-03-21 07:02:26,501 INFO: Ingen nye runder. Venter 90s...
2026-03-21 07:03:56,651 INFO: Ingen nye runder. Venter 90s...
2026-03-21 07:05:27,161 INFO: Ingen nye runder. Venter 90s...
2026-03-21 07:06:57,711 INFO: Ingen nye runder. Venter 90s...
2026-03-21 07:08:28,740 INFO: Ingen nye runder. Venter 90s...
2026-03-21 07:09:59,859 INFO: Ingen nye runder. Venter 90s...
2026-03-21 07:11:29,996 INFO: Rekalibrerer fra 1 nye runder...
2026-03-21 07:11:34,143 INFO: Kalibrering oppdatert: 12 runder, 27 nøkler
2026-03-21 07:11:34,144 INFO: Solver bruker oppdaterte priors!
2026-03-21 07:11:34,145 INFO:   Selvforbedring: analyserer runde_12...
2026-03-21 07:11:34,172 INFO:     Bias per klasse: 0.98, 1.10, 1.41, 0.96, 0.96, 0.74
2026-03-21 07:11:34,172 INFO:     (empty=0.98 sett=1.10 port=1.41 ruin=0.96 forest=0.96 mount=0.74)
2026-03-21 07:11:34,172 INFO:   Selvforbedring: 1 nye runder analysert
2026-03-21 07:11:34,172 WARNING:   Bias-korreksjon feilet: name 'NEAR_ZERO' is not defined
2026-03-21 07:11:34,172 INFO: Priors justert med bias-korreksjon!
2026-03-21 07:11:34,266 INFO: Ingen nye runder. Venter 90s...
2026-03-21 07:13:04,914 INFO: Ingen nye runder. Venter 90s...
2026-03-21 07:14:37,895 INFO: Ingen nye runder. Venter 90s...
2026-03-21 07:16:10,435 INFO: Ingen nye runder. Venter 90s...
2026-03-21 07:17:40,768 INFO: Ingen nye runder. Venter 90s...
2026-03-21 07:19:11,433 INFO: 
============================================================
2026-03-21 07:19:11,434 INFO:   RUNDE 13 (vekt 1.8856)
2026-03-21 07:19:11,434 INFO:   Stenger: 2026-03-21T09:02:42.348839+00:00
2026-03-21 07:19:11,434 INFO: ============================================================
2026-03-21 07:19:11,495 INFO: 5 seeds (alpha=8)
2026-03-21 07:19:11,495 INFO: PASS 1: Submitter prior-only (sikkerhetsnett)...
2026-03-21 07:19:11,735 INFO:   Seed 0 prior-only → ?
2026-03-21 07:19:12,359 INFO:   Seed 1 prior-only → ?
2026-03-21 07:19:13,924 INFO:   Seed 2 prior-only → ?
2026-03-21 07:19:14,599 INFO:   Seed 3 prior-only → ?
2026-03-21 07:19:17,345 INFO:   Seed 4 prior-only → ?
2026-03-21 07:19:18,778 INFO: Budget: 0/50
2026-03-21 07:19:18,779 INFO: 
PASS 2: Observer (50 queries tilgjengelig)...
2026-03-21 07:19:19,223 INFO:   Seed 0 Q1: (8,12) → 1/50
2026-03-21 07:19:19,692 INFO:   Seed 0 Q2: (6,14) → 2/50
2026-03-21 07:19:20,081 INFO:   Seed 0 Q3: (4,6) → 3/50
2026-03-21 07:19:20,538 INFO:   Seed 0 Q4: (20,18) → 4/50
2026-03-21 07:19:21,268 INFO:   Seed 0 Q5: (10,16) → 5/50
2026-03-21 07:19:21,787 INFO:   Seed 0 Q6: (8,4) → 6/50
2026-03-21 07:19:22,569 INFO:   Seed 0 Q7: (24,20) → 7/50
2026-03-21 07:19:23,592 INFO:   Seed 0 Q8: (6,20) → 8/50
2026-03-21 07:19:24,259 INFO:   Seed 0 Q9: (22,4) → 9/50
2026-03-21 07:19:25,335 INFO:   Seed 0 Q10: (2,2) → 10/50
2026-03-21 07:19:26,358 INFO:   Seed 1 Q1: (14,18) → 11/50
2026-03-21 07:19:26,868 INFO:   Seed 1 Q2: (18,20) → 12/50
2026-03-21 07:19:27,661 INFO:   Seed 1 Q3: (4,10) → 13/50
2026-03-21 07:19:28,875 INFO:   Seed 1 Q4: (20,14) → 14/50
2026-03-21 07:19:31,055 INFO:   Seed 1 Q5: (10,22) → 15/50
2026-03-21 07:19:31,583 INFO:   Seed 1 Q6: (6,8) → 16/50
2026-03-21 07:19:33,225 INFO:   Seed 1 Q7: (24,22) → 17/50
2026-03-21 07:19:33,974 INFO:   Seed 1 Q8: (22,8) → 18/50
2026-03-21 07:19:35,121 INFO:   Seed 1 Q9: (8,24) → 19/50
2026-03-21 07:19:36,468 INFO:   Seed 1 Q10: (2,8) → 20/50
2026-03-21 07:19:36,726 INFO:   Rundetype: sett=0.92× forest=1.90× ruin=0.72× port=0.50×
2026-03-21 07:19:38,105 INFO:   Seed 2 Q1: (18,14) → 21/50
2026-03-21 07:19:38,670 INFO:   Seed 2 Q2: (8,10) → 22/50
2026-03-21 07:19:39,186 INFO:   Seed 2 Q3: (22,10) → 23/50
2026-03-21 07:19:42,267 INFO:   Seed 2 Q4: (2,16) → 24/50
2026-03-21 07:19:43,359 INFO:   Seed 2 Q5: (16,20) → 25/50
2026-03-21 07:19:45,078 INFO:   Seed 2 Q6: (12,2) → 26/50
2026-03-21 07:19:48,003 INFO:   Seed 2 Q7: (6,20) → 27/50
2026-03-21 07:19:48,734 INFO:   Seed 2 Q8: (22,12) → 28/50
2026-03-21 07:19:49,201 INFO:   Seed 2 Q9: (6,4) → 29/50
2026-03-21 07:19:52,504 INFO:   Seed 2 Q10: (18,24) → 30/50
2026-03-21 07:19:54,365 INFO:   Seed 3 Q1: (8,14) → 31/50
2026-03-21 07:19:56,391 INFO:   Seed 3 Q2: (18,22) → 32/50
2026-03-21 07:19:57,179 INFO:   Seed 3 Q3: (6,6) → 33/50
2026-03-21 07:19:59,265 INFO:   Seed 3 Q4: (22,18) → 34/50
2026-03-21 07:20:01,660 INFO:   Seed 3 Q5: (6,22) → 35/50
2026-03-21 07:20:02,159 INFO:   Seed 3 Q6: (14,8) → 36/50
2026-03-21 07:20:03,733 INFO:   Seed 3 Q7: (2,8) → 37/50
2026-03-21 07:20:04,635 INFO:   Seed 3 Q8: (24,24) → 38/50
2026-03-21 07:20:05,584 INFO:   Seed 3 Q9: (8,24) → 39/50
2026-03-21 07:20:06,352 INFO:   Seed 3 Q10: (20,10) → 40/50
2026-03-21 07:20:06,911 INFO:   Seed 4 Q1: (6,20) → 41/50
2026-03-21 07:20:08,625 INFO:   Seed 4 Q2: (22,20) → 42/50
2026-03-21 07:20:10,943 INFO:   Seed 4 Q3: (10,4) → 43/50
2026-03-21 07:20:13,343 INFO:   Seed 4 Q4: (4,22) → 44/50
2026-03-21 07:20:13,816 INFO:   Seed 4 Q5: (18,22) → 45/50
2026-03-21 07:20:14,378 INFO:   Seed 4 Q6: (2,18) → 46/50
2026-03-21 07:20:14,858 INFO:   Seed 4 Q7: (14,2) → 47/50
2026-03-21 07:20:17,903 INFO:   Seed 4 Q8: (4,4) → 48/50
2026-03-21 07:20:18,752 INFO:   Seed 4 Q9: (24,24) → 49/50
2026-03-21 07:20:19,414 INFO:   Seed 4 Q10: (20,8) → 50/50
2026-03-21 07:20:19,746 INFO:   Cross-seed: 19 kategorier
2026-03-21 07:20:19,819 INFO: 
Resubmit med observasjoner + smoothing...
2026-03-21 07:20:20,054 INFO:   Seed 0 → ?
2026-03-21 07:20:21,422 INFO:   Seed 1 → ?
2026-03-21 07:20:23,100 INFO:   Seed 2 → ?
2026-03-21 07:20:23,744 INFO:   Seed 3 → ?
2026-03-21 07:20:27,051 INFO:   Seed 4 → ?
2026-03-21 07:20:27,557 INFO:   Data lagret i round_history/runde_13/
2026-03-21 07:21:57,689 INFO: Ingen nye runder. Venter 90s...
2026-03-21 07:23:30,891 INFO: Ingen nye runder. Venter 90s...
2026-03-21 07:25:01,574 INFO: Ingen nye runder. Venter 90s...
2026-03-21 07:26:31,788 INFO: Ingen nye runder. Venter 90s...
2026-03-21 07:28:03,230 INFO: Ingen nye runder. Venter 90s...
2026-03-21 07:29:33,460 INFO: Ingen nye runder. Venter 90s...
2026-03-21 07:31:03,778 INFO: Ingen nye runder. Venter 90s...
2026-03-21 07:32:36,189 INFO: Ingen nye runder. Venter 90s...
2026-03-21 07:34:07,105 INFO: Ingen nye runder. Venter 90s...
2026-03-21 07:35:37,250 INFO: Ingen nye runder. Venter 90s...
2026-03-21 07:37:07,512 INFO: Ingen nye runder. Venter 90s...
2026-03-21 07:38:37,846 INFO: Ingen nye runder. Venter 90s...
2026-03-21 07:40:08,274 INFO: Ingen nye runder. Venter 90s...
2026-03-21 07:41:38,406 INFO: Ingen nye runder. Venter 90s...
2026-03-21 07:43:08,530 INFO: Ingen nye runder. Venter 90s...
2026-03-21 07:44:38,651 INFO: Ingen nye runder. Venter 90s...
2026-03-21 07:46:08,814 INFO: Ingen nye runder. Venter 90s...
2026-03-21 07:47:38,944 INFO: Ingen nye runder. Venter 90s...
2026-03-21 07:49:10,715 INFO: Ingen nye runder. Venter 90s...
2026-03-21 07:50:41,107 INFO: Ingen nye runder. Venter 90s...
2026-03-21 07:52:12,602 INFO: Ingen nye runder. Venter 90s...
2026-03-21 07:53:42,772 INFO: Ingen nye runder. Venter 90s...
2026-03-21 07:55:12,899 INFO: Ingen nye runder. Venter 90s...
2026-03-21 07:56:44,493 INFO: Ingen nye runder. Venter 90s...
2026-03-21 07:58:14,720 INFO: Ingen nye runder. Venter 90s...
2026-03-21 07:59:44,952 INFO: Ingen nye runder. Venter 90s...
2026-03-21 08:01:15,168 INFO: Ingen nye runder. Venter 90s...
2026-03-21 08:02:45,902 INFO: Ingen nye runder. Venter 90s...
2026-03-21 08:04:16,084 INFO: Ingen nye runder. Venter 90s...
2026-03-21 08:05:46,263 INFO: Ingen nye runder. Venter 90s...
2026-03-21 08:07:16,434 INFO: Ingen nye runder. Venter 90s...
2026-03-21 08:08:46,607 INFO: Ingen nye runder. Venter 90s...
2026-03-21 08:10:16,786 INFO: Ingen nye runder. Venter 90s...
2026-03-21 08:11:47,442 INFO: Ingen nye runder. Venter 90s...
2026-03-21 08:13:17,646 INFO: Ingen nye runder. Venter 90s...
2026-03-21 08:14:48,017 INFO: Ingen nye runder. Venter 90s...
2026-03-21 08:16:18,139 INFO: Ingen nye runder. Venter 90s...
2026-03-21 08:17:48,698 INFO: Ingen nye runder. Venter 90s...
2026-03-21 08:19:19,062 INFO: Ingen nye runder. Venter 90s...
2026-03-21 08:20:49,269 INFO: Ingen nye runder. Venter 90s...
2026-03-21 08:22:19,389 INFO: Ingen nye runder. Venter 90s...
2026-03-21 08:23:49,809 INFO: Ingen nye runder. Venter 90s...
2026-03-21 08:25:20,378 INFO: Ingen nye runder. Venter 90s...
2026-03-21 08:26:50,776 INFO: Ingen nye runder. Venter 90s...
2026-03-21 08:28:22,485 INFO: Ingen nye runder. Venter 90s...
2026-03-21 08:29:52,697 INFO: Ingen nye runder. Venter 90s...
2026-03-21 08:31:22,862 INFO: Ingen nye runder. Venter 90s...
2026-03-21 08:31:58,246 INFO: ============================================================
2026-03-21 08:31:58,246 INFO:   OLA'S NIGHTBOT v2 STARTET
2026-03-21 08:31:58,247 INFO: ============================================================
2026-03-21 08:31:58,247 INFO: Poll: 90s | Dry-run: False
2026-03-21 08:31:58,247 INFO: Tidligere løst: 4 runder
2026-03-21 08:31:58,247 INFO: Kalibrering: 27 nøkler
2026-03-21 08:31:59,577 INFO: Ingen nye runder. Venter 90s...
2026-03-21 08:32:03,896 INFO: ============================================================
2026-03-21 08:32:03,896 INFO:   OLA'S NIGHTBOT v2 STARTET
2026-03-21 08:32:03,896 INFO: ============================================================
2026-03-21 08:32:03,896 INFO: Poll: 90s | Dry-run: False
2026-03-21 08:32:03,896 INFO: Tidligere løst: 4 runder
2026-03-21 08:32:03,896 INFO: Kalibrering: 27 nøkler
2026-03-21 08:32:04,136 INFO: Ingen nye runder. Venter 90s...
2026-03-21 08:33:29,890 INFO: Ingen nye runder. Venter 90s...
2026-03-21 08:33:34,267 INFO: Ingen nye runder. Venter 90s...
2026-03-21 08:35:00,456 INFO: Ingen nye runder. Venter 90s...
2026-03-21 08:35:04,383 INFO: Ingen nye runder. Venter 90s...
2026-03-21 08:36:31,219 INFO: Ingen nye runder. Venter 90s...
2026-03-21 08:36:34,514 INFO: Ingen nye runder. Venter 90s...
2026-03-21 08:38:01,355 INFO: Ingen nye runder. Venter 90s...
2026-03-21 08:38:04,659 INFO: Ingen nye runder. Venter 90s...
2026-03-21 08:39:31,728 INFO: Ingen nye runder. Venter 90s...
2026-03-21 08:39:34,778 INFO: Ingen nye runder. Venter 90s...
2026-03-21 08:41:01,859 INFO: Ingen nye runder. Venter 90s...
2026-03-21 08:41:04,910 INFO: Ingen nye runder. Venter 90s...
2026-03-21 08:42:31,984 INFO: Ingen nye runder. Venter 90s...
2026-03-21 08:42:35,042 INFO: Ingen nye runder. Venter 90s...
2026-03-21 08:44:03,487 INFO: Ingen nye runder. Venter 90s...
2026-03-21 08:44:05,650 INFO: Ingen nye runder. Venter 90s...
2026-03-21 08:45:34,011 INFO: Ingen nye runder. Venter 90s...
2026-03-21 08:45:36,092 INFO: Ingen nye runder. Venter 90s...
2026-03-21 08:47:04,366 INFO: Ingen nye runder. Venter 90s...
2026-03-21 08:47:07,058 INFO: Ingen nye runder. Venter 90s...
2026-03-21 08:48:34,571 INFO: Ingen nye runder. Venter 90s...
2026-03-21 08:48:37,278 INFO: Ingen nye runder. Venter 90s...
2026-03-21 08:50:04,831 INFO: Ingen nye runder. Venter 90s...
2026-03-21 08:50:07,428 INFO: Ingen nye runder. Venter 90s...
2026-03-21 08:51:34,974 INFO: Ingen nye runder. Venter 90s...
2026-03-21 08:51:37,892 INFO: Ingen nye runder. Venter 90s...
2026-03-21 08:53:05,199 INFO: Ingen nye runder. Venter 90s...
2026-03-21 08:53:08,006 INFO: Ingen nye runder. Venter 90s...
2026-03-21 08:54:36,118 INFO: Ingen nye runder. Venter 90s...
2026-03-21 08:54:41,546 INFO: Ingen nye runder. Venter 90s...
2026-03-21 08:56:06,351 INFO: Ingen nye runder. Venter 90s...
2026-03-21 08:56:14,066 INFO: Ingen nye runder. Venter 90s...
2026-03-21 08:57:36,644 INFO: Ingen nye runder. Venter 90s...
2026-03-21 08:57:44,183 INFO: Ingen nye runder. Venter 90s...
2026-03-21 08:59:06,853 INFO: Ingen nye runder. Venter 90s...
2026-03-21 08:59:14,340 INFO: Ingen nye runder. Venter 90s...
2026-03-21 09:00:37,072 INFO: Ingen nye runder. Venter 90s...
2026-03-21 09:00:44,583 INFO: Ingen nye runder. Venter 90s...
2026-03-21 09:02:14,722 INFO: Ingen nye runder. Venter 90s...
2026-03-21 09:03:45,265 INFO: Ingen nye runder. Venter 90s...
2026-03-21 09:05:16,793 INFO: Ingen nye runder. Venter 90s...
2026-03-21 09:06:47,001 INFO: Ingen nye runder. Venter 90s...
2026-03-21 09:08:17,147 INFO: Ingen nye runder. Venter 90s...
2026-03-21 09:09:48,219 INFO: Ingen nye runder. Venter 90s...
2026-03-21 09:11:18,940 INFO: Ingen nye runder. Venter 90s...
2026-03-21 09:12:51,600 INFO: Ingen nye runder. Venter 90s...
2026-03-21 09:14:21,731 INFO: Ingen nye runder. Venter 90s...
2026-03-21 09:15:52,118 INFO: Ingen nye runder. Venter 90s...
2026-03-21 09:17:22,318 INFO: Ingen nye runder. Venter 90s...
2026-03-21 09:18:52,738 INFO: Ingen nye runder. Venter 90s...
2026-03-21 09:20:22,913 INFO: Ingen nye runder. Venter 90s...
2026-03-21 09:21:53,606 INFO: Ingen nye runder. Venter 90s...
2026-03-21 09:23:23,884 INFO: Ingen nye runder. Venter 90s...
2026-03-21 09:24:54,682 INFO: Ingen nye runder. Venter 90s...
2026-03-21 09:26:25,198 INFO: Ingen nye runder. Venter 90s...
2026-03-21 09:27:55,391 INFO: Ingen nye runder. Venter 90s...
2026-03-21 09:29:25,560 INFO: Ingen nye runder. Venter 90s...
2026-03-21 09:30:55,735 INFO: Ingen nye runder. Venter 90s...
2026-03-21 09:32:26,057 INFO: Ingen nye runder. Venter 90s...
2026-03-21 09:33:56,218 INFO: Ingen nye runder. Venter 90s...
