2026-03-22 02:01:31,251 INFO: ============================================================
2026-03-22 02:01:31,252 INFO:   OLA'S NIGHTBOT v3 — KERNEL EDITION
2026-03-22 02:01:31,252 INFO: ============================================================
2026-03-22 02:01:31,252 INFO: Poll: 120s | Dry-run: False
2026-03-22 02:01:31,252 INFO: Tidligere løst: 4 runder
2026-03-22 02:01:31,253 INFO: Kernel data: 90 seeds fra 18 runder
2026-03-22 02:01:32,500 INFO: 
============================================================
2026-03-22 02:01:32,501 INFO:   RUNDE 19 (vekt 2.527)
2026-03-22 02:01:32,501 INFO: ============================================================
2026-03-22 02:01:32,731 INFO: Budget: 0/50
2026-03-22 02:04:22,687 INFO: Ingen nye runder. Venter 120s...
2026-03-22 02:06:23,596 INFO: Ingen nye runder. Venter 120s...
2026-03-22 02:08:23,920 INFO: Ingen nye runder. Venter 120s...
2026-03-22 02:10:24,221 INFO: Ingen nye runder. Venter 120s...
2026-03-22 02:12:25,419 INFO: Ingen nye runder. Venter 120s...
2026-03-22 02:14:26,961 INFO: Ingen nye runder. Venter 120s...
2026-03-22 02:16:27,390 INFO: Ingen nye runder. Venter 120s...
2026-03-22 02:18:27,708 INFO: Ingen nye runder. Venter 120s...
2026-03-22 02:20:28,889 INFO: Ingen nye runder. Venter 120s...
2026-03-22 02:22:29,066 INFO: Ingen nye runder. Venter 120s...
2026-03-22 02:24:32,092 INFO: Ingen nye runder. Venter 120s...
2026-03-22 02:26:32,454 INFO: Ingen nye runder. Venter 120s...
2026-03-22 02:28:34,532 INFO: Ingen nye runder. Venter 120s...
2026-03-22 02:30:34,762 INFO: Ingen nye runder. Venter 120s...
2026-03-22 02:32:34,921 INFO: Ingen nye runder. Venter 120s...
2026-03-22 02:34:35,057 INFO: Ingen nye runder. Venter 120s...
2026-03-22 02:36:37,148 INFO: Ingen nye runder. Venter 120s...
2026-03-22 02:38:37,286 INFO: Ingen nye runder. Venter 120s...
2026-03-22 02:40:37,937 INFO: Ingen nye runder. Venter 120s...
2026-03-22 02:42:40,493 INFO: Ingen nye runder. Venter 120s...
2026-03-22 02:44:40,623 INFO: Ingen nye runder. Venter 120s...
2026-03-22 02:46:43,770 INFO: Ingen nye runder. Venter 120s...
2026-03-22 02:48:45,853 INFO: Ingen nye runder. Venter 120s...
2026-03-22 02:50:46,001 INFO: Ingen nye runder. Venter 120s...
2026-03-22 02:52:46,144 INFO: Ingen nye runder. Venter 120s...
2026-03-22 02:54:46,455 INFO: Ingen nye runder. Venter 120s...
2026-03-22 02:56:48,608 INFO: Ingen nye runder. Venter 120s...
2026-03-22 02:58:49,283 INFO: Ingen nye runder. Venter 120s...
2026-03-22 03:00:49,406 INFO: Ingen nye runder. Venter 120s...
2026-03-22 03:02:50,073 INFO: Ingen nye runder. Venter 120s...
2026-03-22 03:04:50,213 INFO: Ingen nye runder. Venter 120s...
2026-03-22 03:06:50,587 INFO: Ingen nye runder. Venter 120s...
2026-03-22 03:08:50,733 INFO: Ingen nye runder. Venter 120s...
2026-03-22 03:10:50,883 INFO: Ingen nye runder. Venter 120s...
2026-03-22 03:12:51,243 INFO: Ingen nye runder. Venter 120s...
2026-03-22 03:14:51,748 INFO: Ingen nye runder. Venter 120s...
2026-03-22 03:16:51,937 INFO: Ingen nye runder. Venter 120s...
2026-03-22 03:18:52,074 INFO: Ingen nye runder. Venter 120s...
2026-03-22 03:20:52,555 INFO: Ingen nye runder. Venter 120s...
2026-03-22 03:22:52,689 INFO: Ingen nye runder. Venter 120s...
2026-03-22 03:24:52,825 INFO: Ingen nye runder. Venter 120s...
2026-03-22 03:26:52,996 INFO: Ingen nye runder. Venter 120s...
2026-03-22 03:28:54,034 INFO: Ingen nye runder. Venter 120s...
2026-03-22 03:30:54,471 INFO: Ingen nye runder. Venter 120s...
2026-03-22 03:32:54,890 INFO: Ingen nye runder. Venter 120s...
2026-03-22 03:34:56,635 INFO: Ingen nye runder. Venter 120s...
2026-03-22 03:36:57,221 INFO: Ingen nye runder. Venter 120s...
2026-03-22 03:38:57,743 INFO: Ingen nye runder. Venter 120s...
2026-03-22 03:40:58,377 INFO: Ingen nye runder. Venter 120s...
2026-03-22 03:42:58,517 INFO: Ingen nye runder. Venter 120s...
2026-03-22 03:44:58,758 INFO: Ingen nye runder. Venter 120s...
2026-03-22 03:46:59,044 INFO: Ingen nye runder. Venter 120s...
2026-03-22 03:48:59,617 INFO: Ingen nye runder. Venter 120s...
2026-03-22 03:51:00,009 INFO: Ingen nye runder. Venter 120s...
2026-03-22 03:53:00,189 INFO: Henter fasit fra 1 nye fullførte runder...
2026-03-22 03:53:00,765 INFO:   R19 seed 0: score=83.4365
2026-03-22 03:53:02,185 INFO:   R19 seed 1: score=87.4161
2026-03-22 03:53:03,128 INFO:   R19 seed 2: score=84.1174
2026-03-22 03:53:03,737 INFO:   R19 seed 3: score=84.0269
2026-03-22 03:53:04,867 INFO:   R19 seed 4: score=82.815
2026-03-22 03:53:05,189 INFO:   Kernel data oppdatert: +5 seeds → 95 totalt
2026-03-22 03:53:05,191 INFO: Kernel-treningsdata oppdatert med ny GT!
2026-03-22 03:53:05,245 INFO: Ingen nye runder. Venter 120s...
2026-03-22 03:55:05,400 INFO: Ingen nye runder. Venter 120s...
2026-03-22 03:57:05,569 INFO: Ingen nye runder. Venter 120s...
2026-03-22 03:59:06,035 INFO: Ingen nye runder. Venter 120s...
2026-03-22 04:01:06,228 INFO: Ingen nye runder. Venter 120s...
2026-03-22 04:03:12,819 INFO: 
============================================================
2026-03-22 04:03:12,822 INFO:   RUNDE 20 (vekt 2.653)
2026-03-22 04:03:12,822 INFO: ============================================================
2026-03-22 04:03:12,895 INFO: Budget: 0/50
2026-03-22 04:05:48,676 INFO: Ingen nye runder. Venter 120s...
2026-03-22 04:07:48,818 INFO: Ingen nye runder. Venter 120s...
2026-03-22 04:09:50,278 INFO: Ingen nye runder. Venter 120s...
2026-03-22 04:11:50,460 INFO: Ingen nye runder. Venter 120s...
2026-03-22 04:13:50,633 INFO: Ingen nye runder. Venter 120s...
2026-03-22 04:15:50,795 INFO: Ingen nye runder. Venter 120s...
2026-03-22 04:17:51,516 INFO: Ingen nye runder. Venter 120s...
2026-03-22 04:19:51,667 INFO: Ingen nye runder. Venter 120s...
2026-03-22 04:21:51,970 INFO: Ingen nye runder. Venter 120s...
2026-03-22 04:23:52,320 INFO: Ingen nye runder. Venter 120s...
2026-03-22 04:25:52,513 INFO: Ingen nye runder. Venter 120s...
2026-03-22 04:27:52,639 INFO: Ingen nye runder. Venter 120s...
2026-03-22 04:29:53,249 INFO: Ingen nye runder. Venter 120s...
2026-03-22 04:31:53,546 INFO: Ingen nye runder. Venter 120s...
2026-03-22 04:33:53,840 INFO: Ingen nye runder. Venter 120s...
2026-03-22 04:35:54,005 INFO: Ingen nye runder. Venter 120s...
2026-03-22 04:37:54,532 INFO: Ingen nye runder. Venter 120s...
2026-03-22 04:39:54,892 INFO: Ingen nye runder. Venter 120s...
2026-03-22 04:41:55,307 INFO: Ingen nye runder. Venter 120s...
2026-03-22 04:43:55,463 INFO: Ingen nye runder. Venter 120s...
2026-03-22 04:45:57,294 INFO: Ingen nye runder. Venter 120s...
2026-03-22 04:47:57,481 INFO: Ingen nye runder. Venter 120s...
2026-03-22 04:49:58,677 INFO: Ingen nye runder. Venter 120s...
2026-03-22 04:51:58,848 INFO: Ingen nye runder. Venter 120s...
2026-03-22 04:54:01,271 INFO: Ingen nye runder. Venter 120s...
2026-03-22 04:56:02,537 INFO: Ingen nye runder. Venter 120s...
2026-03-22 04:58:07,689 INFO: Ingen nye runder. Venter 120s...
2026-03-22 05:00:08,067 INFO: Ingen nye runder. Venter 120s...
2026-03-22 05:02:08,925 INFO: Ingen nye runder. Venter 120s...
2026-03-22 05:04:09,324 INFO: Ingen nye runder. Venter 120s...
2026-03-22 05:06:10,302 INFO: Ingen nye runder. Venter 120s...
2026-03-22 05:08:10,628 INFO: Ingen nye runder. Venter 120s...
2026-03-22 05:10:11,238 INFO: Ingen nye runder. Venter 120s...
2026-03-22 05:12:13,863 INFO: Ingen nye runder. Venter 120s...
2026-03-22 05:14:14,260 INFO: Ingen nye runder. Venter 120s...
2026-03-22 05:16:14,479 INFO: Ingen nye runder. Venter 120s...
2026-03-22 05:18:15,304 INFO: Ingen nye runder. Venter 120s...
2026-03-22 05:20:15,562 INFO: Ingen nye runder. Venter 120s...
2026-03-22 05:22:16,366 INFO: Ingen nye runder. Venter 120s...
2026-03-22 05:24:16,489 INFO: Ingen nye runder. Venter 120s...
2026-03-22 05:26:16,633 INFO: Ingen nye runder. Venter 120s...
2026-03-22 05:28:16,764 INFO: Ingen nye runder. Venter 120s...
2026-03-22 05:30:16,896 INFO: Ingen nye runder. Venter 120s...
2026-03-22 05:32:17,168 INFO: Ingen nye runder. Venter 120s...
2026-03-22 05:34:17,470 INFO: Ingen nye runder. Venter 120s...
2026-03-22 05:36:17,609 INFO: Ingen nye runder. Venter 120s...
2026-03-22 05:38:17,859 INFO: Ingen nye runder. Venter 120s...
2026-03-22 05:40:18,281 INFO: Ingen nye runder. Venter 120s...
2026-03-22 05:42:19,271 INFO: Ingen nye runder. Venter 120s...
2026-03-22 05:44:21,464 INFO: Ingen nye runder. Venter 120s...
2026-03-22 05:46:21,655 INFO: Ingen nye runder. Venter 120s...
2026-03-22 05:48:22,280 INFO: Ingen nye runder. Venter 120s...
2026-03-22 05:50:22,657 INFO: Ingen nye runder. Venter 120s...
2026-03-22 05:52:22,972 INFO: Ingen nye runder. Venter 120s...
2026-03-22 05:54:23,155 INFO: Ingen nye runder. Venter 120s...
2026-03-22 05:56:23,323 INFO: Ingen nye runder. Venter 120s...
2026-03-22 05:58:23,482 INFO: Ingen nye runder. Venter 120s...
2026-03-22 06:00:23,938 INFO: Ingen nye runder. Venter 120s...
2026-03-22 06:02:25,766 INFO: Ingen nye runder. Venter 120s...
2026-03-22 06:04:26,055 INFO: Ingen nye runder. Venter 120s...
2026-03-22 06:06:26,865 INFO: Ingen nye runder. Venter 120s...
2026-03-22 06:08:29,168 INFO: Ingen nye runder. Venter 120s...
2026-03-22 06:10:29,475 INFO: Ingen nye runder. Venter 120s...
2026-03-22 06:12:31,608 INFO: Ingen nye runder. Venter 120s...
2026-03-22 06:14:32,345 INFO: Ingen nye runder. Venter 120s...
2026-03-22 06:16:34,385 INFO: Ingen nye runder. Venter 120s...
2026-03-22 06:18:34,807 INFO: Ingen nye runder. Venter 120s...
2026-03-22 06:20:36,223 INFO: Ingen nye runder. Venter 120s...
2026-03-22 06:22:38,215 INFO: Ingen nye runder. Venter 120s...
2026-03-22 06:24:38,631 INFO: Ingen nye runder. Venter 120s...
2026-03-22 06:26:40,993 INFO: Ingen nye runder. Venter 120s...
2026-03-22 06:28:41,421 INFO: Ingen nye runder. Venter 120s...
2026-03-22 06:30:41,548 INFO: Ingen nye runder. Venter 120s...
2026-03-22 06:32:41,976 INFO: Ingen nye runder. Venter 120s...
2026-03-22 06:34:42,130 INFO: Ingen nye runder. Venter 120s...
2026-03-22 06:36:42,319 INFO: Ingen nye runder. Venter 120s...
2026-03-22 06:38:43,817 INFO: Ingen nye runder. Venter 120s...
2026-03-22 06:40:44,512 INFO: Ingen nye runder. Venter 120s...
2026-03-22 06:42:45,150 INFO: Ingen nye runder. Venter 120s...
2026-03-22 06:44:45,980 INFO: Ingen nye runder. Venter 120s...
2026-03-22 06:46:46,157 INFO: Ingen nye runder. Venter 120s...
2026-03-22 06:48:46,689 INFO: Ingen nye runder. Venter 120s...
2026-03-22 06:50:47,725 INFO: Ingen nye runder. Venter 120s...
2026-03-22 06:52:48,855 INFO: Henter fasit fra 1 nye fullførte runder...
2026-03-22 06:52:49,486 INFO:   R20 seed 0: score=73.339
2026-03-22 06:52:50,034 INFO:   R20 seed 1: score=71.308
2026-03-22 06:52:50,589 INFO:   R20 seed 2: score=72.0304
2026-03-22 06:52:51,118 INFO:   R20 seed 3: score=68.968
2026-03-22 06:52:51,611 INFO:   R20 seed 4: score=77.6689
2026-03-22 06:52:51,932 INFO:   Kernel data oppdatert: +5 seeds → 100 totalt
2026-03-22 06:52:51,934 INFO: Kernel-treningsdata oppdatert med ny GT!
2026-03-22 06:52:51,990 INFO: Ingen nye runder. Venter 120s...
2026-03-22 06:54:52,113 INFO: Ingen nye runder. Venter 120s...
2026-03-22 06:56:52,758 INFO: Ingen nye runder. Venter 120s...
2026-03-22 06:58:52,958 INFO: Ingen nye runder. Venter 120s...
2026-03-22 07:00:54,332 INFO: Ingen nye runder. Venter 120s...
2026-03-22 07:02:54,471 INFO: Ingen nye runder. Venter 120s...
2026-03-22 07:04:54,811 INFO: 
============================================================
2026-03-22 07:04:54,813 INFO:   RUNDE 21 (vekt 2.786)
2026-03-22 07:04:54,813 INFO: ============================================================
2026-03-22 07:04:54,871 INFO: Budget: 0/50
2026-03-22 07:07:45,443 INFO: Ingen nye runder. Venter 120s...
2026-03-22 07:09:45,704 INFO: Ingen nye runder. Venter 120s...
2026-03-22 07:11:45,965 INFO: Ingen nye runder. Venter 120s...
2026-03-22 07:13:46,203 INFO: Ingen nye runder. Venter 120s...
2026-03-22 07:15:46,938 INFO: Ingen nye runder. Venter 120s...
2026-03-22 07:17:47,288 INFO: Ingen nye runder. Venter 120s...
2026-03-22 07:19:47,476 INFO: Ingen nye runder. Venter 120s...
2026-03-22 07:21:48,405 INFO: Ingen nye runder. Venter 120s...
2026-03-22 07:23:49,209 INFO: Ingen nye runder. Venter 120s...
2026-03-22 07:25:49,763 INFO: Ingen nye runder. Venter 120s...
2026-03-22 07:27:51,315 INFO: Ingen nye runder. Venter 120s...
2026-03-22 07:29:51,492 INFO: Ingen nye runder. Venter 120s...
2026-03-22 07:31:51,827 INFO: Ingen nye runder. Venter 120s...
2026-03-22 07:33:52,068 INFO: Ingen nye runder. Venter 120s...
2026-03-22 07:35:52,987 INFO: Ingen nye runder. Venter 120s...
2026-03-22 07:37:55,211 INFO: Ingen nye runder. Venter 120s...
2026-03-22 07:39:56,380 INFO: Ingen nye runder. Venter 120s...
2026-03-22 07:41:57,059 INFO: Ingen nye runder. Venter 120s...
2026-03-22 07:44:01,086 INFO: Ingen nye runder. Venter 120s...
2026-03-22 07:46:01,806 INFO: Ingen nye runder. Venter 120s...
2026-03-22 07:48:02,325 INFO: Ingen nye runder. Venter 120s...
2026-03-22 07:50:07,993 INFO: Ingen nye runder. Venter 120s...
2026-03-22 07:52:08,563 INFO: Ingen nye runder. Venter 120s...
2026-03-22 07:54:09,545 INFO: Ingen nye runder. Venter 120s...
2026-03-22 07:56:10,107 INFO: Ingen nye runder. Venter 120s...
2026-03-22 07:58:13,999 INFO: Ingen nye runder. Venter 120s...
2026-03-22 08:00:14,871 INFO: Ingen nye runder. Venter 120s...
2026-03-22 08:02:15,026 INFO: Ingen nye runder. Venter 120s...
2026-03-22 08:04:15,163 INFO: Ingen nye runder. Venter 120s...
2026-03-22 08:06:16,629 INFO: Ingen nye runder. Venter 120s...
2026-03-22 08:08:16,768 INFO: Ingen nye runder. Venter 120s...
2026-03-22 08:10:17,638 INFO: Ingen nye runder. Venter 120s...
2026-03-22 08:12:18,208 INFO: Ingen nye runder. Venter 120s...
2026-03-22 08:14:20,851 INFO: Ingen nye runder. Venter 120s...
2026-03-22 08:16:22,589 INFO: Ingen nye runder. Venter 120s...
2026-03-22 08:18:23,156 INFO: Ingen nye runder. Venter 120s...
2026-03-22 08:20:23,927 INFO: Ingen nye runder. Venter 120s...
2026-03-22 08:22:24,349 INFO: Ingen nye runder. Venter 120s...
2026-03-22 08:24:25,475 INFO: Ingen nye runder. Venter 120s...
2026-03-22 08:26:27,081 INFO: Ingen nye runder. Venter 120s...
2026-03-22 08:28:27,820 INFO: Ingen nye runder. Venter 120s...
2026-03-22 08:30:29,334 INFO: Ingen nye runder. Venter 120s...
2026-03-22 08:32:34,456 INFO: Ingen nye runder. Venter 120s...
2026-03-22 08:34:35,272 INFO: Ingen nye runder. Venter 120s...
2026-03-22 08:36:36,049 INFO: Ingen nye runder. Venter 120s...
2026-03-22 08:38:39,656 INFO: Ingen nye runder. Venter 120s...
2026-03-22 08:40:40,650 INFO: Ingen nye runder. Venter 120s...
2026-03-22 08:42:40,795 INFO: Ingen nye runder. Venter 120s...
2026-03-22 08:44:41,682 INFO: Ingen nye runder. Venter 120s...
2026-03-22 08:46:42,262 INFO: Ingen nye runder. Venter 120s...
2026-03-22 08:48:42,388 INFO: Ingen nye runder. Venter 120s...
2026-03-22 08:50:43,431 INFO: Ingen nye runder. Venter 120s...
2026-03-22 08:52:43,747 INFO: Ingen nye runder. Venter 120s...
